# JRE version: OpenJDK Runtime Environment Microsoft-28056 (17.0.1+12) (build 17.0.1+12-LTS)
# Java VM: OpenJDK 64-Bit Server VM Microsoft-28056 (17.0.1+12-LTS, mixed mode, tiered, compressed oops, compressed class ptrs, g1 gc, windows-amd64)
GC Precious Log:
 CPUs: 8 total, 8 available
 Memory: 8112M
 Large Page Support: Disabled
 NUMA Support: Disabled
 Compressed Oops: Enabled (Zero based)
 Heap Region Size: 32M
 Heap Min Capacity: 32M
 Heap Initial Capacity: 128M
 Heap Max Capacity: 2592M
 Pre-touch: Disabled
 Parallel Workers: 8
 Concurrent Workers: 2
 Concurrent Refinement Workers: 8
 Periodic GC: Disabled
Heap:
 garbage-first heap   total 2621440K, used 1831648K [0x000000075e000000, 0x0000000800000000)
  region size 32768K, 34 young (1114112K), 1 survivors (32768K)
 Metaspace       used 162607K, committed 163776K, reserved 1196032K
  class space    used 21449K, committed 22080K, reserved 1048576K
GC Heap History (20 events):
Event: 44793.401 GC heap before
{Heap before GC invocations=1916 (full 6):
 garbage-first heap   total 1769472K, used 1535866K [0x000000075e000000, 0x0000000800000000)
  region size 32768K, 10 young (327680K), 2 survivors (65536K)
 Metaspace       used 162554K, committed 163776K, reserved 1196032K
  class space    used 21440K, committed 22080K, reserved 1048576K
}
Event: 44793.421 GC heap after
{Heap after GC invocations=1917 (full 6):
 garbage-first heap   total 1769472K, used 1281197K [0x000000075e000000, 0x0000000800000000)
  region size 32768K, 1 young (32768K), 1 survivors (32768K)
 Metaspace       used 162554K, committed 163776K, reserved 1196032K
  class space    used 21440K, committed 22080K, reserved 1048576K
}
Event: 44794.561 GC heap before
{Heap before GC invocations=1917 (full 6):
 garbage-first heap   total 1769472K, used 1576109K [0x000000075e000000, 0x0000000800000000)
  region size 32768K, 10 young (327680K), 1 survivors (32768K)
 Metaspace       used 162554K, committed 163776K, reserved 1196032K
  class space    used 21440K, committed 22080K, reserved 1048576K
}
Event: 44794.585 GC heap after
{Heap after GC invocations=1918 (full 6):
 garbage-first heap   total 1769472K, used 1290349K [0x000000075e000000, 0x0000000800000000)
  region size 32768K, 1 young (32768K), 1 survivors (32768K)
 Metaspace       used 162554K, committed 163776K, reserved 1196032K
  class space    used 21440K, committed 22080K, reserved 1048576K
}
Event: 44796.606 GC heap before
{Heap before GC invocations=1919 (full 6):
 garbage-first heap   total 2621440K, used 1585261K [0x000000075e000000, 0x0000000800000000)
  region size 32768K, 10 young (327680K), 1 survivors (32768K)
 Metaspace       used 162561K, committed 163776K, reserved 1196032K
  class space    used 21441K, committed 22080K, reserved 1048576K
}
Event: 44796.712 GC heap after
{Heap after GC invocations=1920 (full 6):
 garbage-first heap   total 2621440K, used 1295371K [0x000000075e000000, 0x0000000800000000)
  region size 32768K, 2 young (65536K), 2 survivors (65536K)
 Metaspace       used 162561K, committed 163776K, reserved 1196032K
  class space    used 21441K, committed 22080K, reserved 1048576K
}
Event: 44798.629 GC heap before
{Heap before GC invocations=1920 (full 6):
 garbage-first heap   total 2621440K, used 1754123K [0x000000075e000000, 0x0000000800000000)
  region size 32768K, 16 young (524288K), 2 survivors (65536K)
 Metaspace       used 162561K, committed 163776K, reserved 1196032K
  class space    used 21441K, committed 22080K, reserved 1048576K
}
Event: 44798.676 GC heap after
{Heap after GC invocations=1921 (full 6):
 garbage-first heap   total 2621440K, used 1198715K [0x000000075e000000, 0x0000000800000000)
  region size 32768K, 1 young (32768K), 1 survivors (32768K)
 Metaspace       used 162561K, committed 163776K, reserved 1196032K
  class space    used 21441K, committed 22080K, reserved 1048576K
}
Event: 44799.474 GC heap before
{Heap before GC invocations=1921 (full 6):
 garbage-first heap   total 2621440K, used 1690235K [0x000000075e000000, 0x0000000800000000)
  region size 32768K, 16 young (524288K), 1 survivors (32768K)
 Metaspace       used 162561K, committed 163776K, reserved 1196032K
  class space    used 21441K, committed 22080K, reserved 1048576K
}
Event: 44799.486 GC heap after
{Heap after GC invocations=1922 (full 6):
 garbage-first heap   total 2621440K, used 1103731K [0x000000075e000000, 0x0000000800000000)
  region size 32768K, 1 young (32768K), 1 survivors (32768K)
 Metaspace       used 162561K, committed 163776K, reserved 1196032K
  class space    used 21441K, committed 22080K, reserved 1048576K
}
Event: 44803.439 GC heap before
{Heap before GC invocations=1922 (full 6):
 garbage-first heap   total 2621440K, used 1595251K [0x000000075e000000, 0x0000000800000000)
  region size 32768K, 16 young (524288K), 1 survivors (32768K)
 Metaspace       used 162564K, committed 163776K, reserved 1196032K
  class space    used 21441K, committed 22080K, reserved 1048576K
}
Event: 44803.451 GC heap after
{Heap after GC invocations=1923 (full 6):
 garbage-first heap   total 2621440K, used 850387K [0x000000075e000000, 0x0000000800000000)
  region size 32768K, 2 young (65536K), 2 survivors (65536K)
 Metaspace       used 162564K, committed 163776K, reserved 1196032K
  class space    used 21441K, committed 22080K, reserved 1048576K
}
Event: 44804.457 GC heap before
{Heap before GC invocations=1923 (full 6):
 garbage-first heap   total 2621440K, used 1309139K [0x000000075e000000, 0x0000000800000000)
  region size 32768K, 16 young (524288K), 2 survivors (65536K)
 Metaspace       used 162564K, committed 163776K, reserved 1196032K
  class space    used 21441K, committed 22080K, reserved 1048576K
}
Event: 44804.515 GC heap after
{Heap after GC invocations=1924 (full 6):
 garbage-first heap   total 2621440K, used 771887K [0x000000075e000000, 0x0000000800000000)
  region size 32768K, 2 young (65536K), 2 survivors (65536K)
 Metaspace       used 162564K, committed 163776K, reserved 1196032K
  class space    used 21441K, committed 22080K, reserved 1048576K
}
Event: 44806.313 GC heap before
{Heap before GC invocations=1924 (full 6):
 garbage-first heap   total 2621440K, used 1230639K [0x000000075e000000, 0x0000000800000000)
  region size 32768K, 16 young (524288K), 2 survivors (65536K)
 Metaspace       used 162568K, committed 163776K, reserved 1196032K
  class space    used 21441K, committed 22080K, reserved 1048576K
}
Event: 44806.388 GC heap after
{Heap after GC invocations=1925 (full 6):
 garbage-first heap   total 2621440K, used 776647K [0x000000075e000000, 0x0000000800000000)
  region size 32768K, 2 young (65536K), 2 survivors (65536K)
 Metaspace       used 162568K, committed 163776K, reserved 1196032K
  class space    used 21441K, committed 22080K, reserved 1048576K
}
Event: 44810.788 GC heap before
{Heap before GC invocations=1925 (full 6):
 garbage-first heap   total 2621440K, used 1235399K [0x000000075e000000, 0x0000000800000000)
  region size 32768K, 16 young (524288K), 2 survivors (65536K)
 Metaspace       used 162569K, committed 163776K, reserved 1196032K
  class space    used 21441K, committed 22080K, reserved 1048576K
}
Event: 44810.809 GC heap after
{Heap after GC invocations=1926 (full 6):
 garbage-first heap   total 2621440K, used 778320K [0x000000075e000000, 0x0000000800000000)
  region size 32768K, 2 young (65536K), 2 survivors (65536K)
 Metaspace       used 162569K, committed 163776K, reserved 1196032K
  class space    used 21441K, committed 22080K, reserved 1048576K
}
Event: 44815.335 GC heap before
{Heap before GC invocations=1926 (full 6):
 garbage-first heap   total 2621440K, used 1237072K [0x000000075e000000, 0x0000000800000000)
  region size 32768K, 16 young (524288K), 2 survivors (65536K)
 Metaspace       used 162569K, committed 163776K, reserved 1196032K
  class space    used 21441K, committed 22080K, reserved 1048576K
}
Event: 44815.355 GC heap after
{Heap after GC invocations=1927 (full 6):
 garbage-first heap   total 2621440K, used 783072K [0x000000075e000000, 0x0000000800000000)
  region size 32768K, 1 young (32768K), 1 survivors (32768K)
 Metaspace       used 162569K, committed 163776K, reserved 1196032K
  class space    used 21441K, committed 22080K, reserved 1048576K
}

